2024-01-29T19:14:05.783+05:30  INFO 17184 --- [restartedMain] com.Rover.DataRoverApplication           : Starting DataRoverApplication using Java 17.0.9 with PID 17184 (C:\Users\mcconf\Documents\Rohith\DataRover\target\classes started by mcconf in C:\Users\mcconf\Documents\Rohith\DataRover)
2024-01-29T19:14:05.783+05:30  INFO 17184 --- [restartedMain] com.Rover.DataRoverApplication           : No active profile set, falling back to 1 default profile: "default"
2024-01-29T19:14:05.997+05:30  INFO 17184 --- [restartedMain] o.s.b.w.embedded.tomcat.TomcatWebServer  : Tomcat initialized with port 8080 (http)
2024-01-29T19:14:05.998+05:30  INFO 17184 --- [restartedMain] o.apache.catalina.core.StandardService   : Starting service [Tomcat]
2024-01-29T19:14:05.999+05:30  INFO 17184 --- [restartedMain] o.apache.catalina.core.StandardEngine    : Starting Servlet engine: [Apache Tomcat/10.1.16]
2024-01-29T19:14:06.011+05:30  INFO 17184 --- [restartedMain] o.a.c.c.C.[Tomcat].[localhost].[/]       : Initializing Spring embedded WebApplicationContext
2024-01-29T19:14:06.011+05:30  INFO 17184 --- [restartedMain] w.s.c.ServletWebServerApplicationContext : Root WebApplicationContext: initialization completed in 227 ms
2024-01-29T19:14:06.089+05:30  WARN 17184 --- [restartedMain] ion$DefaultTemplateResolverConfiguration : Cannot find template location: classpath:/templates/ (please add some templates, check your Thymeleaf configuration, or set spring.thymeleaf.check-template-location=false)
2024-01-29T19:14:06.372+05:30  INFO 17184 --- [restartedMain] o.s.b.d.a.OptionalLiveReloadServer       : LiveReload server is running on port 35729
2024-01-29T19:14:06.380+05:30  INFO 17184 --- [restartedMain] o.s.b.w.embedded.tomcat.TomcatWebServer  : Tomcat started on port 8080 (http) with context path ''
2024-01-29T19:14:06.383+05:30  INFO 17184 --- [restartedMain] com.Rover.DataRoverApplication           : Started DataRoverApplication in 0.62 seconds (process running for 1412.772)
2024-01-29T19:14:06.384+05:30  INFO 17184 --- [restartedMain] .ConditionEvaluationDeltaLoggingListener : Condition evaluation unchanged
2024-01-29T19:14:06.815+05:30  INFO 17184 --- [http-nio-8080-exec-2] o.a.c.c.C.[Tomcat].[localhost].[/]       : Initializing Spring DispatcherServlet 'dispatcherServlet'
2024-01-29T19:14:06.815+05:30  INFO 17184 --- [http-nio-8080-exec-2] o.s.web.servlet.DispatcherServlet        : Initializing Servlet 'dispatcherServlet'
2024-01-29T19:14:06.816+05:30  INFO 17184 --- [http-nio-8080-exec-2] o.s.web.servlet.DispatcherServlet        : Completed initialization in 1 ms
2024-01-29T19:14:06.817+05:30  INFO 17184 --- [http-nio-8080-exec-2] com.zaxxer.hikari.HikariDataSource       : HikariPool-3 - Starting...
2024-01-29T19:14:06.829+05:30  INFO 17184 --- [http-nio-8080-exec-2] com.zaxxer.hikari.pool.HikariPool        : HikariPool-3 - Added connection com.mysql.cj.jdbc.ConnectionImpl@254a9dd4
2024-01-29T19:14:06.829+05:30  INFO 17184 --- [http-nio-8080-exec-2] com.zaxxer.hikari.HikariDataSource       : HikariPool-3 - Start completed.
2024-01-29T19:14:06.830+05:30 DEBUG 17184 --- [http-nio-8080-exec-2] com.Rover.advice.Logging                 : Exiting method with result: {success=false, message=error: Index 0 out of bounds for length 0}
2024-01-29T19:14:06.831+05:30 DEBUG 17184 --- [http-nio-8080-exec-2] com.Rover.advice.Logging                 : Entered to class com.Rover.EmployData.EmployDataService view
2024-01-29T19:14:06.831+05:30 DEBUG 17184 --- [http-nio-8080-exec-2] com.Rover.advice.Logging                 : Exiting method with result: {success=false, message=error: Index 0 out of bounds for length 0}
2024-01-29T19:14:06.831+05:30 DEBUG 17184 --- [http-nio-8080-exec-2] com.Rover.advice.Logging                 : Entered to class com.Rover.EmployData.EmployDataController selection
2024-01-29T19:14:18.846+05:30 DEBUG 17184 --- [http-nio-8080-exec-3] com.Rover.advice.Logging                 : Exiting method with result: {success=false, message=error: Index 0 out of bounds for length 0}
2024-01-29T19:14:18.846+05:30 DEBUG 17184 --- [http-nio-8080-exec-3] com.Rover.advice.Logging                 : Entered to class com.Rover.EmployData.EmployDataService view
2024-01-29T19:14:18.846+05:30 DEBUG 17184 --- [http-nio-8080-exec-3] com.Rover.advice.Logging                 : Exiting method with result: {success=false, message=error: Index 0 out of bounds for length 0}
2024-01-29T19:14:18.846+05:30 DEBUG 17184 --- [http-nio-8080-exec-3] com.Rover.advice.Logging                 : Entered to class com.Rover.EmployData.EmployDataController selection
2024-01-29T19:14:20.048+05:30 DEBUG 17184 --- [http-nio-8080-exec-4] com.Rover.advice.Logging                 : Exiting method with result: {success=false, message=error: Index 0 out of bounds for length 0}
2024-01-29T19:14:20.048+05:30 DEBUG 17184 --- [http-nio-8080-exec-4] com.Rover.advice.Logging                 : Entered to class com.Rover.EmployData.EmployDataService view
2024-01-29T19:14:20.048+05:30 DEBUG 17184 --- [http-nio-8080-exec-4] com.Rover.advice.Logging                 : Exiting method with result: {success=false, message=error: Index 0 out of bounds for length 0}
2024-01-29T19:14:20.048+05:30 DEBUG 17184 --- [http-nio-8080-exec-4] com.Rover.advice.Logging                 : Entered to class com.Rover.EmployData.EmployDataController selection
2024-01-29T19:14:21.095+05:30 DEBUG 17184 --- [http-nio-8080-exec-5] com.Rover.advice.Logging                 : Exiting method with result: {success=false, message=error: Index 0 out of bounds for length 0}
2024-01-29T19:14:21.096+05:30 DEBUG 17184 --- [http-nio-8080-exec-5] com.Rover.advice.Logging                 : Entered to class com.Rover.EmployData.EmployDataService view
2024-01-29T19:14:21.096+05:30 DEBUG 17184 --- [http-nio-8080-exec-5] com.Rover.advice.Logging                 : Exiting method with result: {success=false, message=error: Index 0 out of bounds for length 0}
2024-01-29T19:14:21.096+05:30 DEBUG 17184 --- [http-nio-8080-exec-5] com.Rover.advice.Logging                 : Entered to class com.Rover.EmployData.EmployDataController selection
2024-01-29T19:15:15.093+05:30  INFO 17184 --- [File Watcher] rtingClassPathChangeChangedEventListener : Restarting due to 1 class path change (0 additions, 0 deletions, 1 modification)
2024-01-29T19:15:15.099+05:30  INFO 17184 --- [Thread-23] com.zaxxer.hikari.HikariDataSource       : HikariPool-3 - Shutdown initiated...
2024-01-29T19:15:15.103+05:30  INFO 17184 --- [Thread-23] com.zaxxer.hikari.HikariDataSource       : HikariPool-3 - Shutdown completed.
